<?xml version="1.0" encoding="UTF-8"?>
<testng-results ignored="0" total="1" passed="1" failed="0" skipped="0">
  <reporter-output>
    <line>
      <![CDATA[switched to the parent window]]>
    </line>
    <line>
      <![CDATA[switched to the parent window]]>
    </line>
  </reporter-output>
  <suite started-at="2022-02-13T13:13:56 IST" name="Default suite" finished-at="2022-02-13T13:14:44 IST" duration-ms="47623">
    <groups>
    </groups>
    <test started-at="2022-02-13T13:13:56 IST" name="Default test" finished-at="2022-02-13T13:14:44 IST" duration-ms="47623">
      <class name="org.honeywell.Trace.driver.DriverScript">
        <test-method is-config="true" signature="loadClasses()[pri:0, instance:org.honeywell.Trace.driver.DriverScript@7ef82753]" started-at="2022-02-13T13:13:55 IST" name="loadClasses" finished-at="2022-02-13T13:13:56 IST" duration-ms="1547" status="PASS">
          <reporter-output>
          </reporter-output>
        </test-method> <!-- loadClasses -->
        <test-method signature="runTest()[pri:0, instance:org.honeywell.Trace.driver.DriverScript@7ef82753]" started-at="2022-02-13T13:13:56 IST" name="runTest" finished-at="2022-02-13T13:14:44 IST" duration-ms="47596" status="PASS">
          <reporter-output>
            <line>
              <![CDATA[switched to the parent window]]>
            </line>
            <line>
              <![CDATA[switched to the parent window]]>
            </line>
          </reporter-output>
        </test-method> <!-- runTest -->
        <test-method is-config="true" signature="teardown()[pri:0, instance:org.honeywell.Trace.driver.DriverScript@7ef82753]" started-at="2022-02-13T13:14:44 IST" name="teardown" finished-at="2022-02-13T13:14:45 IST" duration-ms="1003" status="PASS">
          <reporter-output>
          </reporter-output>
        </test-method> <!-- teardown -->
      </class> <!-- org.honeywell.Trace.driver.DriverScript -->
    </test> <!-- Default test -->
  </suite> <!-- Default suite -->
</testng-results>
